SRR072893
23431	X	-	7084164	7092883	FBtr0331261	6	1515	FBgn0264270	Sxl	0.000000	0.000000

SRR072894
23431	X	-	7084164	7092883	FBtr0331261	6	1515	FBgn0264270	Sxl	0.000000	0.000000

SRR072895
23431	X	-	7084164	7092883	FBtr0331261	6	1515	FBgn0264270	Sxl	0.000000	0.000000

SRR072896
23431	X	-	7084164	7092883	FBtr0331261	6	1515	FBgn0264270	Sxl	0.000000	0.000000

SRR072897
23431	X	-	7084164	7092883	FBtr0331261	6	1515	FBgn0264270	Sxl	0.000000	0.000000

SRR072899
23431	X	-	7084164	7092883	FBtr0331261	6	1515	FBgn0264270	Sxl	0.000000	0.000000

SRR072901
23431	X	-	7084164	7092883	FBtr0331261	6	1515	FBgn0264270	Sxl	0.000000	0.000000

SRR072903
23431	X	-	7084164	7092883	FBtr0331261	6	1515	FBgn0264270	Sxl	1.501571	2.117317

SRR072905
23431	X	-	7084164	7092883	FBtr0331261	6	1515	FBgn0264270	Sxl	0.000000	0.000000

SRR072906
23431	X	-	7084164	7092883	FBtr0331261	6	1515	FBgn0264270	Sxl	0.000000	0.000000

SRR072907
23431	X	-	7084164	7092883	FBtr0331261	6	1515	FBgn0264270	Sxl	0.000000	0.000000

SRR072908
23431	X	-	7084164	7092883	FBtr0331261	6	1515	FBgn0264270	Sxl	0.000000	0.000000

SRR072909
23431	X	-	7084164	7092883	FBtr0331261	6	1515	FBgn0264270	Sxl	31.827429	46.033894

SRR072911
23431	X	-	7084164	7092883	FBtr0331261	6	1515	FBgn0264270	Sxl	19.538105	30.605591

SRR072913
23431	X	-	7084164	7092883	FBtr0331261	6	1515	FBgn0264270	Sxl	28.520666	38.956379

SRR072915
23431	X	-	7084164	7092883	FBtr0331261	6	1515	FBgn0264270	Sxl	101.804230	124.908493

16
